<?xml version="1.0" encoding="UTF-8"?>
<!-- Generated by org.testng.reporters.JUnitReportReporter -->
<testsuite hostname="DESKTOP-I5SV6OR" failures="0" tests="2" name="testScript.SubCategoryTest" time="28.676" errors="0" timestamp="2025-05-07T08:15:20 IST" skipped="0">
  <testcase classname="testScript.SubCategoryTest" name="addSubCategory" time="18.823"/>
  <testcase classname="testScript.SubCategoryTest" name="updateSubCategory" time="9.853"/>
</testsuite> <!-- testScript.SubCategoryTest -->
