<?xml version="1.0" encoding="UTF-8"?>
<!-- Generated by org.testng.reporters.JUnitReportReporter -->
<testsuite hostname="DESKTOP-I5SV6OR" failures="0" tests="1" name="testScript.LogoutTest" time="6.402" errors="0" timestamp="2025-05-07T08:09:33 IST" skipped="0">
  <testcase classname="testScript.LogoutTest" name="logOutMethod" time="6.402"/>
</testsuite> <!-- testScript.LogoutTest -->
