<?xml version="1.0" encoding="UTF-8"?>
<!-- Generated by org.testng.reporters.JUnitReportReporter -->
<testsuite hostname="DESKTOP-I5SV6OR" failures="0" tests="2" name="testScript.ManageFooterTextTest" time="19.080" errors="0" timestamp="2025-05-07T08:09:33 IST" skipped="0">
  <testcase classname="testScript.ManageFooterTextTest" name="manageFooter" time="8.674"/>
  <testcase classname="testScript.ManageFooterTextTest" name="checkifActionButtonIsPresent" time="10.406"/>
</testsuite> <!-- testScript.ManageFooterTextTest -->
